<?xml version="1.0" encoding="UTF-8"?>
<testng-results ignored="0" total="1" passed="1" failed="0" skipped="0">
  <reporter-output>
  </reporter-output>
  <suite started-at="2023-01-07T21:01:33 EST" name="Default suite" finished-at="2023-01-07T21:01:36 EST" duration-ms="3727">
    <groups>
    </groups>
    <test started-at="2023-01-07T21:01:33 EST" name="Default test" finished-at="2023-01-07T21:01:36 EST" duration-ms="3727">
      <class name="restassureapi.rest_api.api_accessToken">
        <test-method signature="accessToken1()[pri:0, instance:restassureapi.rest_api.api_accessToken@71238fc2]" started-at="2023-01-07T21:01:33 EST" name="accessToken1" finished-at="2023-01-07T21:01:36 EST" duration-ms="3661" status="PASS">
          <reporter-output>
          </reporter-output>
        </test-method> <!-- accessToken1 -->
      </class> <!-- restassureapi.rest_api.api_accessToken -->
    </test> <!-- Default test -->
  </suite> <!-- Default suite -->
</testng-results>
